<?xml version="1.0" encoding="UTF-8"?>
<!-- Generated by org.testng.reporters.JUnitReportReporter -->
<testsuite hostname="crowdar-Smart-Pro-Q4" failures="0" tests="3" name="com.crowdar.bdd.cukes.TestNGSecuencialRunner" time="98.336" errors="0" timestamp="01 Oct 2020 21:23:45 GMT" skipped="0">
  <testcase classname="com.crowdar.bdd.cukes.TestNGSecuencialRunner" name="runScenario" time="28.035"/>
  <testcase classname="com.crowdar.bdd.cukes.TestNGSecuencialRunner" name="runScenario" time="24.238"/>
  <testcase classname="com.crowdar.bdd.cukes.TestNGSecuencialRunner" name="runScenario" time="46.063"/>
</testsuite> <!-- com.crowdar.bdd.cukes.TestNGSecuencialRunner -->
