<?xml version="1.0" encoding="UTF-8"?>
<!-- Generated by org.testng.reporters.JUnitReportReporter -->
<testsuite hostname="crowdar-Smart-Pro-Q4" failures="0" tests="3" name="com.crowdar.bdd.cukes.TestNGSecuencialRunner" time="61.719" errors="0" timestamp="28 Sep 2020 15:52:45 GMT" skipped="0">
  <testcase classname="com.crowdar.bdd.cukes.TestNGSecuencialRunner" name="runScenario" time="22.014"/>
  <testcase classname="com.crowdar.bdd.cukes.TestNGSecuencialRunner" name="runScenario" time="20.413"/>
  <testcase classname="com.crowdar.bdd.cukes.TestNGSecuencialRunner" name="runScenario" time="19.292"/>
</testsuite> <!-- com.crowdar.bdd.cukes.TestNGSecuencialRunner -->
