<?xml version="1.0" encoding="UTF-8"?>
<!-- Generated by org.testng.reporters.JUnitReportReporter -->
<testsuite hostname="crowdar-Smart-Pro-Q4" failures="0" tests="2" name="com.crowdar.bdd.cukes.TestNGSecuencialRunner" time="50.245" errors="0" timestamp="05 Oct 2020 22:24:05 GMT" skipped="0">
  <testcase classname="com.crowdar.bdd.cukes.TestNGSecuencialRunner" name="runScenario" time="29.258"/>
  <testcase classname="com.crowdar.bdd.cukes.TestNGSecuencialRunner" name="runScenario" time="20.987"/>
</testsuite> <!-- com.crowdar.bdd.cukes.TestNGSecuencialRunner -->
